2021-03-02 22:18:42.178  INFO 28212 --- [restartedMain] com.studyhelper.batch.BatchApplication   : Starting BatchApplication using Java 14.0.2 on DESKTOP-802U2A9 with PID 28212 (C:\Users\Owner\eclipse-workspace\StudyHelper-real\ST-BATCH\target\classes started by Owner in C:\Users\Owner\eclipse-workspace\StudyHelper-real\ST-BATCH)
2021-03-02 22:18:42.194  INFO 28212 --- [restartedMain] com.studyhelper.batch.BatchApplication   : The following profiles are active: batch
2021-03-02 22:18:42.247  INFO 28212 --- [restartedMain] .e.DevToolsPropertyDefaultsPostProcessor : Devtools property defaults active! Set 'spring.devtools.add-properties' to 'false' to disable
2021-03-02 22:18:42.719  INFO 28212 --- [restartedMain] .s.d.r.c.RepositoryConfigurationDelegate : Multiple Spring Data modules found, entering strict repository configuration mode!
2021-03-02 22:18:42.721  INFO 28212 --- [restartedMain] .s.d.r.c.RepositoryConfigurationDelegate : Bootstrapping Spring Data Redis repositories in DEFAULT mode.
2021-03-02 22:18:42.740  INFO 28212 --- [restartedMain] .s.d.r.c.RepositoryConfigurationDelegate : Finished Spring Data repository scanning in 7 ms. Found 0 Redis repository interfaces.
2021-03-02 22:18:42.861  INFO 28212 --- [restartedMain] .s.d.r.c.RepositoryConfigurationDelegate : Multiple Spring Data modules found, entering strict repository configuration mode!
2021-03-02 22:18:42.862  INFO 28212 --- [restartedMain] .s.d.r.c.RepositoryConfigurationDelegate : Bootstrapping Spring Data JPA repositories in DEFAULT mode.
2021-03-02 22:18:42.904  INFO 28212 --- [restartedMain] .RepositoryConfigurationExtensionSupport : Spring Data JPA - Could not safely identify store assignment for repository candidate interface com.studyhelper.batch.domain.matching.MatchingRepository. If you want this repository to be a JPA repository, consider annotating your entities with one of these annotations: javax.persistence.Entity, javax.persistence.MappedSuperclass (preferred), or consider extending one of the following types with your repository: org.springframework.data.jpa.repository.JpaRepository.
2021-03-02 22:18:43.056  INFO 28212 --- [restartedMain] .s.d.r.c.RepositoryConfigurationDelegate : Finished Spring Data repository scanning in 190 ms. Found 3 JPA repository interfaces.
2021-03-02 22:18:43.066  INFO 28212 --- [restartedMain] .s.d.r.c.RepositoryConfigurationDelegate : Multiple Spring Data modules found, entering strict repository configuration mode!
2021-03-02 22:18:43.067  INFO 28212 --- [restartedMain] .s.d.r.c.RepositoryConfigurationDelegate : Bootstrapping Spring Data Redis repositories in DEFAULT mode.
2021-03-02 22:18:43.084  INFO 28212 --- [restartedMain] .RepositoryConfigurationExtensionSupport : Spring Data Redis - Could not safely identify store assignment for repository candidate interface com.studyhelper.batch.domain.member.MemberRepository. If you want this repository to be a Redis repository, consider annotating your entities with one of these annotations: org.springframework.data.redis.core.RedisHash (preferred), or consider extending one of the following types with your repository: org.springframework.data.keyvalue.repository.KeyValueRepository.
2021-03-02 22:18:43.087  INFO 28212 --- [restartedMain] .RepositoryConfigurationExtensionSupport : Spring Data Redis - Could not safely identify store assignment for repository candidate interface com.studyhelper.batch.domain.team.MemberTeamRepository. If you want this repository to be a Redis repository, consider annotating your entities with one of these annotations: org.springframework.data.redis.core.RedisHash (preferred), or consider extending one of the following types with your repository: org.springframework.data.keyvalue.repository.KeyValueRepository.
2021-03-02 22:18:43.087  INFO 28212 --- [restartedMain] .RepositoryConfigurationExtensionSupport : Spring Data Redis - Could not safely identify store assignment for repository candidate interface com.studyhelper.batch.domain.team.TeamRepository. If you want this repository to be a Redis repository, consider annotating your entities with one of these annotations: org.springframework.data.redis.core.RedisHash (preferred), or consider extending one of the following types with your repository: org.springframework.data.keyvalue.repository.KeyValueRepository.
2021-03-02 22:18:43.101  INFO 28212 --- [restartedMain] .s.d.r.c.RepositoryConfigurationDelegate : Finished Spring Data repository scanning in 34 ms. Found 1 Redis repository interfaces.
2021-03-02 22:18:43.784  INFO 28212 --- [restartedMain] o.hibernate.jpa.internal.util.LogHelper  : HHH000204: Processing PersistenceUnitInfo [name: default]
2021-03-02 22:18:43.826  INFO 28212 --- [restartedMain] org.hibernate.Version                    : HHH000412: Hibernate ORM core version 5.4.27.Final
2021-03-02 22:18:43.957  INFO 28212 --- [restartedMain] o.hibernate.annotations.common.Version   : HCANN000001: Hibernate Commons Annotations {5.1.2.Final}
2021-03-02 22:18:44.055  INFO 28212 --- [restartedMain] com.zaxxer.hikari.HikariDataSource       : HikariPool-1 - Starting...
2021-03-02 22:18:44.337  INFO 28212 --- [restartedMain] com.zaxxer.hikari.HikariDataSource       : HikariPool-1 - Start completed.
2021-03-02 22:18:44.350  INFO 28212 --- [restartedMain] org.hibernate.dialect.Dialect            : HHH000400: Using dialect: org.hibernate.dialect.MySQL5InnoDBDialect
2021-03-02 22:18:44.997  INFO 28212 --- [restartedMain] o.h.e.t.j.p.i.JtaPlatformInitiator       : HHH000490: Using JtaPlatform implementation: [org.hibernate.engine.transaction.jta.platform.internal.NoJtaPlatform]
2021-03-02 22:18:45.005  INFO 28212 --- [restartedMain] j.LocalContainerEntityManagerFactoryBean : Initialized JPA EntityManagerFactory for persistence unit 'default'
2021-03-02 22:18:45.035  INFO 28212 --- [restartedMain] o.s.b.d.a.OptionalLiveReloadServer       : LiveReload server is running on port 35729
2021-03-02 22:18:45.557  WARN 28212 --- [restartedMain] o.s.b.a.batch.JpaBatchConfigurer         : JPA does not support custom isolation levels, so locks may not be taken when launching Jobs
2021-03-02 22:18:45.561  INFO 28212 --- [restartedMain] o.s.b.c.r.s.JobRepositoryFactoryBean     : No database type set, using meta data indicating: MYSQL
2021-03-02 22:18:45.583  INFO 28212 --- [restartedMain] o.s.b.c.l.support.SimpleJobLauncher      : No TaskExecutor has been set, defaulting to synchronous executor.
2021-03-02 22:18:45.667  INFO 28212 --- [restartedMain] o.s.s.c.ThreadPoolTaskScheduler          : Initializing ExecutorService 'taskScheduler'
2021-03-02 22:18:45.723  INFO 28212 --- [restartedMain] com.studyhelper.batch.BatchApplication   : Started BatchApplication in 3.875 seconds (JVM running for 4.602)
2021-03-02 22:18:45.726  INFO 28212 --- [restartedMain] o.s.b.a.b.JobLauncherApplicationRunner   : Running default command line with: []
2021-03-02 22:18:45.726 DEBUG 28212 --- [restartedMain] BatchConfiguration$ReferenceTargetSource : Initializing lazy target object
2021-03-02 22:20:33.780  INFO 28212 --- [RMI TCP Connection(11)-127.0.0.1] inMXBeanRegistrar$SpringApplicationAdmin : Application shutdown requested.
2021-03-02 22:20:33.784  INFO 28212 --- [RMI TCP Connection(11)-127.0.0.1] o.s.s.c.ThreadPoolTaskScheduler          : Shutting down ExecutorService 'taskScheduler'
2021-03-02 22:20:33.786  INFO 28212 --- [RMI TCP Connection(11)-127.0.0.1] j.LocalContainerEntityManagerFactoryBean : Closing JPA EntityManagerFactory for persistence unit 'default'
2021-03-02 22:20:33.791  INFO 28212 --- [RMI TCP Connection(11)-127.0.0.1] com.zaxxer.hikari.HikariDataSource       : HikariPool-1 - Shutdown initiated...
2021-03-02 22:20:33.801  INFO 28212 --- [RMI TCP Connection(11)-127.0.0.1] com.zaxxer.hikari.HikariDataSource       : HikariPool-1 - Shutdown completed.
2021-03-02 22:21:03.330  INFO 23356 --- [restartedMain] com.studyhelper.batch.BatchApplication   : Starting BatchApplication using Java 14.0.2 on DESKTOP-802U2A9 with PID 23356 (C:\Users\Owner\eclipse-workspace\StudyHelper-real\ST-BATCH\target\classes started by Owner in C:\Users\Owner\eclipse-workspace\StudyHelper-real\ST-BATCH)
2021-03-02 22:21:03.339  INFO 23356 --- [restartedMain] com.studyhelper.batch.BatchApplication   : The following profiles are active: batch
2021-03-02 22:21:03.388  INFO 23356 --- [restartedMain] .e.DevToolsPropertyDefaultsPostProcessor : Devtools property defaults active! Set 'spring.devtools.add-properties' to 'false' to disable
2021-03-02 22:21:03.847  INFO 23356 --- [restartedMain] .s.d.r.c.RepositoryConfigurationDelegate : Multiple Spring Data modules found, entering strict repository configuration mode!
2021-03-02 22:21:03.849  INFO 23356 --- [restartedMain] .s.d.r.c.RepositoryConfigurationDelegate : Bootstrapping Spring Data Redis repositories in DEFAULT mode.
2021-03-02 22:21:03.868  INFO 23356 --- [restartedMain] .s.d.r.c.RepositoryConfigurationDelegate : Finished Spring Data repository scanning in 5 ms. Found 0 Redis repository interfaces.
2021-03-02 22:21:04.013  INFO 23356 --- [restartedMain] .s.d.r.c.RepositoryConfigurationDelegate : Multiple Spring Data modules found, entering strict repository configuration mode!
2021-03-02 22:21:04.015  INFO 23356 --- [restartedMain] .s.d.r.c.RepositoryConfigurationDelegate : Bootstrapping Spring Data JPA repositories in DEFAULT mode.
2021-03-02 22:21:04.060  INFO 23356 --- [restartedMain] .RepositoryConfigurationExtensionSupport : Spring Data JPA - Could not safely identify store assignment for repository candidate interface com.studyhelper.batch.domain.matching.MatchingRepository. If you want this repository to be a JPA repository, consider annotating your entities with one of these annotations: javax.persistence.Entity, javax.persistence.MappedSuperclass (preferred), or consider extending one of the following types with your repository: org.springframework.data.jpa.repository.JpaRepository.
2021-03-02 22:21:04.196  INFO 23356 --- [restartedMain] .s.d.r.c.RepositoryConfigurationDelegate : Finished Spring Data repository scanning in 175 ms. Found 3 JPA repository interfaces.
2021-03-02 22:21:04.208  INFO 23356 --- [restartedMain] .s.d.r.c.RepositoryConfigurationDelegate : Multiple Spring Data modules found, entering strict repository configuration mode!
2021-03-02 22:21:04.209  INFO 23356 --- [restartedMain] .s.d.r.c.RepositoryConfigurationDelegate : Bootstrapping Spring Data Redis repositories in DEFAULT mode.
2021-03-02 22:21:04.231  INFO 23356 --- [restartedMain] .RepositoryConfigurationExtensionSupport : Spring Data Redis - Could not safely identify store assignment for repository candidate interface com.studyhelper.batch.domain.member.MemberRepository. If you want this repository to be a Redis repository, consider annotating your entities with one of these annotations: org.springframework.data.redis.core.RedisHash (preferred), or consider extending one of the following types with your repository: org.springframework.data.keyvalue.repository.KeyValueRepository.
2021-03-02 22:21:04.233  INFO 23356 --- [restartedMain] .RepositoryConfigurationExtensionSupport : Spring Data Redis - Could not safely identify store assignment for repository candidate interface com.studyhelper.batch.domain.team.MemberTeamRepository. If you want this repository to be a Redis repository, consider annotating your entities with one of these annotations: org.springframework.data.redis.core.RedisHash (preferred), or consider extending one of the following types with your repository: org.springframework.data.keyvalue.repository.KeyValueRepository.
2021-03-02 22:21:04.234  INFO 23356 --- [restartedMain] .RepositoryConfigurationExtensionSupport : Spring Data Redis - Could not safely identify store assignment for repository candidate interface com.studyhelper.batch.domain.team.TeamRepository. If you want this repository to be a Redis repository, consider annotating your entities with one of these annotations: org.springframework.data.redis.core.RedisHash (preferred), or consider extending one of the following types with your repository: org.springframework.data.keyvalue.repository.KeyValueRepository.
2021-03-02 22:21:04.249  INFO 23356 --- [restartedMain] .s.d.r.c.RepositoryConfigurationDelegate : Finished Spring Data repository scanning in 39 ms. Found 1 Redis repository interfaces.
2021-03-02 22:21:04.881  INFO 23356 --- [restartedMain] o.hibernate.jpa.internal.util.LogHelper  : HHH000204: Processing PersistenceUnitInfo [name: default]
2021-03-02 22:21:04.923  INFO 23356 --- [restartedMain] org.hibernate.Version                    : HHH000412: Hibernate ORM core version 5.4.27.Final
2021-03-02 22:21:05.040  INFO 23356 --- [restartedMain] o.hibernate.annotations.common.Version   : HCANN000001: Hibernate Commons Annotations {5.1.2.Final}
2021-03-02 22:21:05.131  INFO 23356 --- [restartedMain] com.zaxxer.hikari.HikariDataSource       : HikariPool-1 - Starting...
2021-03-02 22:21:05.416  INFO 23356 --- [restartedMain] com.zaxxer.hikari.HikariDataSource       : HikariPool-1 - Start completed.
2021-03-02 22:21:05.429  INFO 23356 --- [restartedMain] org.hibernate.dialect.Dialect            : HHH000400: Using dialect: org.hibernate.dialect.MySQL5InnoDBDialect
2021-03-02 22:21:06.073  INFO 23356 --- [restartedMain] o.h.e.t.j.p.i.JtaPlatformInitiator       : HHH000490: Using JtaPlatform implementation: [org.hibernate.engine.transaction.jta.platform.internal.NoJtaPlatform]
2021-03-02 22:21:06.080  INFO 23356 --- [restartedMain] j.LocalContainerEntityManagerFactoryBean : Initialized JPA EntityManagerFactory for persistence unit 'default'
2021-03-02 22:21:06.116  INFO 23356 --- [restartedMain] o.s.b.d.a.OptionalLiveReloadServer       : LiveReload server is running on port 35729
2021-03-02 22:21:06.641  WARN 23356 --- [restartedMain] o.s.b.a.batch.JpaBatchConfigurer         : JPA does not support custom isolation levels, so locks may not be taken when launching Jobs
2021-03-02 22:21:06.645  INFO 23356 --- [restartedMain] o.s.b.c.r.s.JobRepositoryFactoryBean     : No database type set, using meta data indicating: MYSQL
2021-03-02 22:21:06.663  INFO 23356 --- [restartedMain] o.s.b.c.l.support.SimpleJobLauncher      : No TaskExecutor has been set, defaulting to synchronous executor.
2021-03-02 22:21:06.754  INFO 23356 --- [restartedMain] o.s.s.c.ThreadPoolTaskScheduler          : Initializing ExecutorService 'taskScheduler'
2021-03-02 22:21:06.819  INFO 23356 --- [restartedMain] com.studyhelper.batch.BatchApplication   : Started BatchApplication in 3.822 seconds (JVM running for 4.569)
2021-03-02 22:21:06.821  INFO 23356 --- [restartedMain] o.s.b.a.b.JobLauncherApplicationRunner   : Running default command line with: []
2021-03-02 22:21:06.822 DEBUG 23356 --- [restartedMain] BatchConfiguration$ReferenceTargetSource : Initializing lazy target object
2021-03-02 22:21:07.162  INFO 23356 --- [scheduling-1] c.s.batch.matching.MatchingScheduler     : 매칭 시작!!!!
2021-03-02 22:22:07.192  INFO 23356 --- [scheduling-1] c.s.batch.matching.MatchingScheduler     : 매칭 시작!!!!
2021-03-02 22:22:16.338  INFO 23356 --- [RMI TCP Connection(9)-127.0.0.1] inMXBeanRegistrar$SpringApplicationAdmin : Application shutdown requested.
2021-03-02 22:22:16.341  INFO 23356 --- [RMI TCP Connection(9)-127.0.0.1] o.s.s.c.ThreadPoolTaskScheduler          : Shutting down ExecutorService 'taskScheduler'
2021-03-02 22:22:16.343  INFO 23356 --- [RMI TCP Connection(9)-127.0.0.1] j.LocalContainerEntityManagerFactoryBean : Closing JPA EntityManagerFactory for persistence unit 'default'
2021-03-02 22:22:16.348  INFO 23356 --- [RMI TCP Connection(9)-127.0.0.1] com.zaxxer.hikari.HikariDataSource       : HikariPool-1 - Shutdown initiated...
2021-03-02 22:22:16.358  INFO 23356 --- [RMI TCP Connection(9)-127.0.0.1] com.zaxxer.hikari.HikariDataSource       : HikariPool-1 - Shutdown completed.
2021-03-02 22:22:59.954  INFO 19404 --- [restartedMain] com.studyhelper.batch.BatchApplication   : Starting BatchApplication using Java 14.0.2 on DESKTOP-802U2A9 with PID 19404 (C:\Users\Owner\eclipse-workspace\StudyHelper-real\ST-BATCH\target\classes started by Owner in C:\Users\Owner\eclipse-workspace\StudyHelper-real\ST-BATCH)
2021-03-02 22:22:59.961  INFO 19404 --- [restartedMain] com.studyhelper.batch.BatchApplication   : The following profiles are active: batch
2021-03-02 22:23:00.006  INFO 19404 --- [restartedMain] .e.DevToolsPropertyDefaultsPostProcessor : Devtools property defaults active! Set 'spring.devtools.add-properties' to 'false' to disable
2021-03-02 22:23:00.439  INFO 19404 --- [restartedMain] .s.d.r.c.RepositoryConfigurationDelegate : Multiple Spring Data modules found, entering strict repository configuration mode!
2021-03-02 22:23:00.441  INFO 19404 --- [restartedMain] .s.d.r.c.RepositoryConfigurationDelegate : Bootstrapping Spring Data Redis repositories in DEFAULT mode.
2021-03-02 22:23:00.455  INFO 19404 --- [restartedMain] .s.d.r.c.RepositoryConfigurationDelegate : Finished Spring Data repository scanning in 5 ms. Found 0 Redis repository interfaces.
2021-03-02 22:23:00.559  INFO 19404 --- [restartedMain] .s.d.r.c.RepositoryConfigurationDelegate : Multiple Spring Data modules found, entering strict repository configuration mode!
2021-03-02 22:23:00.560  INFO 19404 --- [restartedMain] .s.d.r.c.RepositoryConfigurationDelegate : Bootstrapping Spring Data JPA repositories in DEFAULT mode.
2021-03-02 22:23:00.608  INFO 19404 --- [restartedMain] .RepositoryConfigurationExtensionSupport : Spring Data JPA - Could not safely identify store assignment for repository candidate interface com.studyhelper.batch.domain.matching.MatchingRepository. If you want this repository to be a JPA repository, consider annotating your entities with one of these annotations: javax.persistence.Entity, javax.persistence.MappedSuperclass (preferred), or consider extending one of the following types with your repository: org.springframework.data.jpa.repository.JpaRepository.
2021-03-02 22:23:00.795  INFO 19404 --- [restartedMain] .s.d.r.c.RepositoryConfigurationDelegate : Finished Spring Data repository scanning in 228 ms. Found 3 JPA repository interfaces.
2021-03-02 22:23:00.807  INFO 19404 --- [restartedMain] .s.d.r.c.RepositoryConfigurationDelegate : Multiple Spring Data modules found, entering strict repository configuration mode!
2021-03-02 22:23:00.808  INFO 19404 --- [restartedMain] .s.d.r.c.RepositoryConfigurationDelegate : Bootstrapping Spring Data Redis repositories in DEFAULT mode.
2021-03-02 22:23:00.830  INFO 19404 --- [restartedMain] .RepositoryConfigurationExtensionSupport : Spring Data Redis - Could not safely identify store assignment for repository candidate interface com.studyhelper.batch.domain.member.MemberRepository. If you want this repository to be a Redis repository, consider annotating your entities with one of these annotations: org.springframework.data.redis.core.RedisHash (preferred), or consider extending one of the following types with your repository: org.springframework.data.keyvalue.repository.KeyValueRepository.
2021-03-02 22:23:00.832  INFO 19404 --- [restartedMain] .RepositoryConfigurationExtensionSupport : Spring Data Redis - Could not safely identify store assignment for repository candidate interface com.studyhelper.batch.domain.team.MemberTeamRepository. If you want this repository to be a Redis repository, consider annotating your entities with one of these annotations: org.springframework.data.redis.core.RedisHash (preferred), or consider extending one of the following types with your repository: org.springframework.data.keyvalue.repository.KeyValueRepository.
2021-03-02 22:23:00.833  INFO 19404 --- [restartedMain] .RepositoryConfigurationExtensionSupport : Spring Data Redis - Could not safely identify store assignment for repository candidate interface com.studyhelper.batch.domain.team.TeamRepository. If you want this repository to be a Redis repository, consider annotating your entities with one of these annotations: org.springframework.data.redis.core.RedisHash (preferred), or consider extending one of the following types with your repository: org.springframework.data.keyvalue.repository.KeyValueRepository.
2021-03-02 22:23:00.848  INFO 19404 --- [restartedMain] .s.d.r.c.RepositoryConfigurationDelegate : Finished Spring Data repository scanning in 39 ms. Found 1 Redis repository interfaces.
2021-03-02 22:23:01.565  INFO 19404 --- [restartedMain] o.hibernate.jpa.internal.util.LogHelper  : HHH000204: Processing PersistenceUnitInfo [name: default]
2021-03-02 22:23:01.613  INFO 19404 --- [restartedMain] org.hibernate.Version                    : HHH000412: Hibernate ORM core version 5.4.27.Final
2021-03-02 22:23:01.781  INFO 19404 --- [restartedMain] o.hibernate.annotations.common.Version   : HCANN000001: Hibernate Commons Annotations {5.1.2.Final}
2021-03-02 22:23:01.896  INFO 19404 --- [restartedMain] com.zaxxer.hikari.HikariDataSource       : HikariPool-1 - Starting...
2021-03-02 22:23:02.191  INFO 19404 --- [restartedMain] com.zaxxer.hikari.HikariDataSource       : HikariPool-1 - Start completed.
2021-03-02 22:23:02.204  INFO 19404 --- [restartedMain] org.hibernate.dialect.Dialect            : HHH000400: Using dialect: org.hibernate.dialect.MySQL5InnoDBDialect
2021-03-02 22:23:02.907  INFO 19404 --- [restartedMain] o.h.e.t.j.p.i.JtaPlatformInitiator       : HHH000490: Using JtaPlatform implementation: [org.hibernate.engine.transaction.jta.platform.internal.NoJtaPlatform]
2021-03-02 22:23:02.918  INFO 19404 --- [restartedMain] j.LocalContainerEntityManagerFactoryBean : Initialized JPA EntityManagerFactory for persistence unit 'default'
2021-03-02 22:23:02.954  INFO 19404 --- [restartedMain] o.s.b.d.a.OptionalLiveReloadServer       : LiveReload server is running on port 35729
2021-03-02 22:23:03.513  WARN 19404 --- [restartedMain] o.s.b.a.batch.JpaBatchConfigurer         : JPA does not support custom isolation levels, so locks may not be taken when launching Jobs
2021-03-02 22:23:03.517  INFO 19404 --- [restartedMain] o.s.b.c.r.s.JobRepositoryFactoryBean     : No database type set, using meta data indicating: MYSQL
2021-03-02 22:23:03.542  INFO 19404 --- [restartedMain] o.s.b.c.l.support.SimpleJobLauncher      : No TaskExecutor has been set, defaulting to synchronous executor.
2021-03-02 22:23:03.638  INFO 19404 --- [restartedMain] o.s.s.c.ThreadPoolTaskScheduler          : Initializing ExecutorService 'taskScheduler'
2021-03-02 22:23:03.695  INFO 19404 --- [scheduling-1] c.s.batch.matching.DeleteJobScheduler    : 매칭 삭제 시작!!
2021-03-02 22:23:03.697  INFO 19404 --- [restartedMain] com.studyhelper.batch.BatchApplication   : Started BatchApplication in 4.075 seconds (JVM running for 4.76)
2021-03-02 22:23:03.700  INFO 19404 --- [restartedMain] o.s.b.a.b.JobLauncherApplicationRunner   : Running default command line with: []
2021-03-02 22:23:03.701 DEBUG 19404 --- [restartedMain] BatchConfiguration$ReferenceTargetSource : Initializing lazy target object
2021-03-02 22:23:04.068  INFO 19404 --- [scheduling-1] c.s.batch.matching.MatchingScheduler     : 매칭 시작!!!!
2021-03-02 22:23:06.786  INFO 19404 --- [RMI TCP Connection(8)-127.0.0.1] inMXBeanRegistrar$SpringApplicationAdmin : Application shutdown requested.
2021-03-02 22:23:06.789  INFO 19404 --- [RMI TCP Connection(8)-127.0.0.1] o.s.s.c.ThreadPoolTaskScheduler          : Shutting down ExecutorService 'taskScheduler'
2021-03-02 22:23:06.791  INFO 19404 --- [RMI TCP Connection(8)-127.0.0.1] j.LocalContainerEntityManagerFactoryBean : Closing JPA EntityManagerFactory for persistence unit 'default'
2021-03-02 22:23:06.797  INFO 19404 --- [RMI TCP Connection(8)-127.0.0.1] com.zaxxer.hikari.HikariDataSource       : HikariPool-1 - Shutdown initiated...
2021-03-02 22:23:06.807  INFO 19404 --- [RMI TCP Connection(8)-127.0.0.1] com.zaxxer.hikari.HikariDataSource       : HikariPool-1 - Shutdown completed.
